Build started 2015-05-25 11:49:40.
     1>Project "G:\Przetwarzanie Rozproszone\Pong_2\Pong_2\Pong_2.vcxproj" on node 2 (Build target(s)).
       Project file contains ToolsVersion="12.0". This toolset may be unknown or missing, in which case you may be able to resolve this by installing the appropriate version of MSBuild, or the build may have been forced to a particular ToolsVersion for policy reasons. Treating the project as if it had ToolsVersion="4.0". For more information, please see http://go.microsoft.com/fwlink/?LinkId=291333.
     1>ClCompile:
         C:\Program Files (x86)\Microsoft Visual Studio 11.0\VC\bin\CL.exe /c /ZI /nologo /W3 /WX- /sdl /Od /Oy- /D _MBCS /Gm /EHsc /RTC1 /MDd /GS /fp:precise /Zc:wchar_t /Zc:forScope /Fo"Debug\\" /Fd"Debug\vc110.pdb" /Gd /TP /analyze- /errorReport:prompt Ball.cpp Pong.cpp Texture.cpp main.cpp
         main.cpp
     1>g:\przetwarzanie rozproszone\pong_2\pong_2\ball.h(14): warning C4305: 'initializing' : truncation from 'double' to 'const float'
         Texture.cpp
         Pong.cpp
     1>g:\przetwarzanie rozproszone\pong_2\pong_2\ball.h(14): warning C4305: 'initializing' : truncation from 'double' to 'const float'
     1>g:\przetwarzanie rozproszone\pong_2\pong_2\pong.cpp(10): warning C4244: 'argument' : conversion from 'time_t' to 'unsigned int', possible loss of data
     1>g:\przetwarzanie rozproszone\pong_2\pong_2\pong.cpp(15): warning C4244: 'argument' : conversion from 'int' to 'float', possible loss of data
     1>g:\przetwarzanie rozproszone\pong_2\pong_2\pong.cpp(18): warning C4244: 'argument' : conversion from 'int' to 'float', possible loss of data
     1>g:\przetwarzanie rozproszone\pong_2\pong_2\pong.cpp(21): warning C4244: 'argument' : conversion from 'int' to 'float', possible loss of data
     1>g:\przetwarzanie rozproszone\pong_2\pong_2\pong.cpp(308): warning C4244: 'argument' : conversion from 'float' to 'int', possible loss of data
     1>g:\przetwarzanie rozproszone\pong_2\pong_2\pong.cpp(309): warning C4244: 'argument' : conversion from 'float' to 'int', possible loss of data
     1>g:\przetwarzanie rozproszone\pong_2\pong_2\pong.cpp(310): warning C4244: 'argument' : conversion from 'float' to 'int', possible loss of data
     1>g:\przetwarzanie rozproszone\pong_2\pong_2\pong.cpp(311): warning C4244: 'argument' : conversion from 'float' to 'int', possible loss of data
     1>g:\przetwarzanie rozproszone\pong_2\pong_2\pong.cpp(312): warning C4244: 'argument' : conversion from 'float' to 'int', possible loss of data
     1>g:\przetwarzanie rozproszone\pong_2\pong_2\pong.cpp(315): warning C4244: 'argument' : conversion from 'float' to 'int', possible loss of data
     1>g:\przetwarzanie rozproszone\pong_2\pong_2\pong.cpp(319): warning C4244: 'argument' : conversion from 'float' to 'int', possible loss of data
     1>g:\przetwarzanie rozproszone\pong_2\pong_2\pong.cpp(323): warning C4244: 'argument' : conversion from 'float' to 'int', possible loss of data
         Ball.cpp
     1>g:\przetwarzanie rozproszone\pong_2\pong_2\ball.h(14): warning C4305: 'initializing' : truncation from 'double' to 'const float'
     1>g:\przetwarzanie rozproszone\pong_2\pong_2\ball.cpp(69): warning C4244: '=' : conversion from 'int' to 'float', possible loss of data
     1>g:\przetwarzanie rozproszone\pong_2\pong_2\ball.cpp(101): warning C4101: 'tmp' : unreferenced local variable
         Generating Code...
       Link:
         C:\Program Files (x86)\Microsoft Visual Studio 11.0\VC\bin\link.exe /ERRORREPORT:PROMPT /OUT:"G:\Przetwarzanie Rozproszone\Pong_2\Debug\Pong_2.exe" /INCREMENTAL /NOLOGO SDL2.lib SDL2main.lib SDL2_image.lib kernel32.lib user32.lib gdi32.lib winspool.lib comdlg32.lib advapi32.lib shell32.lib ole32.lib oleaut32.lib uuid.lib odbc32.lib odbccp32.lib /MANIFEST /MANIFESTUAC:"level='asInvoker' uiAccess='false'" /manifest:embed /DEBUG /PDB:"G:\Przetwarzanie Rozproszone\Pong_2\Debug\Pong_2.pdb" /SUBSYSTEM:WINDOWS /TLBID:1 /DYNAMICBASE /NXCOMPAT /IMPLIB:"G:\Przetwarzanie Rozproszone\Pong_2\Debug\Pong_2.lib" /MACHINE:X86 Debug\Ball.obj
         Debug\Event.obj
         Debug\main.obj
         Debug\Paddle.obj
         Debug\Pong.obj
         Debug\Texture.obj
     1>MSVCRTD.lib(cinitexe.obj) : warning LNK4098: defaultlib 'msvcrt.lib' conflicts with use of other libs; use /NODEFAULTLIB:library
         Pong_2.vcxproj -> G:\Przetwarzanie Rozproszone\Pong_2\Debug\Pong_2.exe
     1>Done Building Project "G:\Przetwarzanie Rozproszone\Pong_2\Pong_2\Pong_2.vcxproj" (Build target(s)).

Build succeeded.

Time Elapsed 00:00:17.07
